2022-11-19 00:26:43.262 +05:30 [INF] I am in the Index page
2022-11-19 00:39:47.952 +05:30 [INF] I am in the Index page
2022-11-19 00:42:05.942 +05:30 [INF] I am in the Index page
2022-11-19 00:42:57.911 +05:30 [INF] I am in the Index page
2022-11-19 00:45:00.933 +05:30 [INF] I am in the Index page
2022-11-19 00:45:51.666 +05:30 [INF] I am in the Index page
2022-11-19 00:48:33.860 +05:30 [FTL] Application start-up failed
Microsoft.Extensions.Hosting.HostFactoryResolver+HostingListener+StopTheHostException: Exception of type 'Microsoft.Extensions.Hosting.HostFactoryResolver+HostingListener+StopTheHostException' was thrown.
   at Microsoft.Extensions.Hosting.HostFactoryResolver.HostingListener.OnNext(KeyValuePair`2 value)
   at System.Diagnostics.DiagnosticListener.Write(String name, Object value)
   at Microsoft.Extensions.Hosting.HostBuilder.Build()
   at Microsoft.AspNetCore.Builder.WebApplicationBuilder.Build()
   at Program.<Main>$(String[] args) in D:\Development\ASP .NET\Projects\attendance-entry-asp-net-mvc-with-crystal-report\EmployeeAttendance\EmployeeAttendance.Web\Program.cs:line 47
2022-11-19 00:49:03.401 +05:30 [INF] I am in the Index page
2022-11-19 00:51:47.792 +05:30 [FTL] Application start-up failed
Microsoft.Extensions.Hosting.HostFactoryResolver+HostingListener+StopTheHostException: Exception of type 'Microsoft.Extensions.Hosting.HostFactoryResolver+HostingListener+StopTheHostException' was thrown.
   at Microsoft.Extensions.Hosting.HostFactoryResolver.HostingListener.OnNext(KeyValuePair`2 value)
   at System.Diagnostics.DiagnosticListener.Write(String name, Object value)
   at Microsoft.Extensions.Hosting.HostBuilder.Build()
   at Microsoft.AspNetCore.Builder.WebApplicationBuilder.Build()
   at Program.<Main>$(String[] args) in D:\Development\ASP .NET\Projects\attendance-entry-asp-net-mvc-with-crystal-report\EmployeeAttendance\EmployeeAttendance.Web\Program.cs:line 47
2022-11-19 00:52:28.094 +05:30 [INF] I am in the Index page
2022-11-19 00:53:01.872 +05:30 [FTL] Application start-up failed
Microsoft.Extensions.Hosting.HostFactoryResolver+HostingListener+StopTheHostException: Exception of type 'Microsoft.Extensions.Hosting.HostFactoryResolver+HostingListener+StopTheHostException' was thrown.
   at Microsoft.Extensions.Hosting.HostFactoryResolver.HostingListener.OnNext(KeyValuePair`2 value)
   at System.Diagnostics.DiagnosticListener.Write(String name, Object value)
   at Microsoft.Extensions.Hosting.HostBuilder.Build()
   at Microsoft.AspNetCore.Builder.WebApplicationBuilder.Build()
   at Program.<Main>$(String[] args) in D:\Development\ASP .NET\Projects\attendance-entry-asp-net-mvc-with-crystal-report\EmployeeAttendance\EmployeeAttendance.Web\Program.cs:line 47
2022-11-19 01:10:36.908 +05:30 [FTL] Application start-up failed
Microsoft.Extensions.Hosting.HostFactoryResolver+HostingListener+StopTheHostException: Exception of type 'Microsoft.Extensions.Hosting.HostFactoryResolver+HostingListener+StopTheHostException' was thrown.
   at Microsoft.Extensions.Hosting.HostFactoryResolver.HostingListener.OnNext(KeyValuePair`2 value)
   at System.Diagnostics.DiagnosticListener.Write(String name, Object value)
   at Microsoft.Extensions.Hosting.HostBuilder.Build()
   at Microsoft.AspNetCore.Builder.WebApplicationBuilder.Build()
   at Program.<Main>$(String[] args) in D:\Development\ASP .NET\Projects\attendance-entry-asp-net-mvc-with-crystal-report\EmployeeAttendance\EmployeeAttendance.Web\Program.cs:line 47
2022-11-19 01:10:49.323 +05:30 [FTL] Application start-up failed
Microsoft.Extensions.Hosting.HostFactoryResolver+HostingListener+StopTheHostException: Exception of type 'Microsoft.Extensions.Hosting.HostFactoryResolver+HostingListener+StopTheHostException' was thrown.
   at Microsoft.Extensions.Hosting.HostFactoryResolver.HostingListener.OnNext(KeyValuePair`2 value)
   at System.Diagnostics.DiagnosticListener.Write(String name, Object value)
   at Microsoft.Extensions.Hosting.HostBuilder.Build()
   at Microsoft.AspNetCore.Builder.WebApplicationBuilder.Build()
   at Program.<Main>$(String[] args) in D:\Development\ASP .NET\Projects\attendance-entry-asp-net-mvc-with-crystal-report\EmployeeAttendance\EmployeeAttendance.Web\Program.cs:line 47
2022-11-19 01:28:05.423 +05:30 [INF] I am in the Index page
2022-11-19 01:28:19.919 +05:30 [INF] Model State is valid during creating of attendance
2022-11-19 01:30:22.082 +05:30 [INF] I am in the Index page
2022-11-19 01:31:00.707 +05:30 [INF] Model State is valid during creating of attendance
2022-11-19 01:33:19.106 +05:30 [INF] I am in the Index page
2022-11-19 01:34:00.165 +05:30 [INF] Model State is valid during creating of attendance
